[    0.000000] Initializing cgroup subsys cpuset
[    0.000000] Initializing cgroup subsys cpu
[    0.000000] Initializing cgroup subsys cpuacct
[    0.000000] Linux version 4.4.0-97-generic (buildd@lcy01-33) (gcc version 5.4.0 20160609 (Ubuntu 5.4.0-6ubuntu1~16.04.4) ) #120-Ubuntu SMP Tue Sep 19 17:28:18 UTC 2017 (Ubuntu 4.4.0-97.1-gneri4..87)[   .00000] Command line: BOOT_IMAGE=/boot/vmlinuz-4.4.0-97-generic root=LABEL=cloudimg-rootfs ro console=tty1 console=ttyS0
[    0.000000] KERNEL supported cpus:
[    0.000000]   Intel GenuineIntel
[    0.000000]   AMD AuthenticAMD
[    0.000000]   Centaur CentaurHauls
[    0.000000] x86/fpu: Legacy x87 FPU detected.
[    0.000000] x86/fpu: Using 'lazy' FPU context switches.
[    0.000000] e820: BIOS-provided physical RAM map:
[    0.000000] BIOS-e820: [mem 0x0000000000000000-0x000000000009fbff] usable
[    0.000000] BIOS-e820: [mem 0x000000000009fc00-0x000000000009ffff] reserved
[    0.000000] BIOS-e820: [mem 0x00000000000f0000-0x00000000000fffff] reserved
[    0.000000] BIOS-e820: [mem 0x0000000000100000-0x000000003ffeffff] usable
[    0.000000] BIOS-e820: [mem 0x000000003fff0000-0x000000003fffffff] ACPI data
[    0.000000] BIOS-e820: [mem 0x00000000fffc0000-0x00000000ffffffff] reserved
[    0.000000] NX (Execute Disable) protection: active
[    0.000000] SMBIOS 2.5 present.
[    0.000000] e820: last_pfn = 0x3fff0 max_arch_pfn = 0x400000000
[    0.000000] MTRR: Disabled
[    0.000000] x86/PAT: MTRRs disabled, skipping PAT initialization too.
[    0.000000] CPU MTRRs all blank - virtualized system.
[    0.000000] x86/PAT: Configuration [0-7]: WB  WT  UC- UC  WB  WT  UC- UC  
[    0.000000] found SMP MP-table at [mem 0x0009fff0-0x0009ffff] mapped at [ffff88000009fff0]
[    0.000000] Scanning 1 areas for low memory corruption
[    0.000000] RAMDISK: [mem 0x36adc000-0x37565fff]
[    0.000000] ACPI: Early table checksum verification disabled
[    0.000000] ACPI: RSDP 0x00000000000E0000 000024 (v02 VBOX  )
[    0.000000] ACPI: XSDT 0x000000003FFF0030 00003C (v01 VBOX   VBOXXSDT 00000001 ASL  00000061)
[    0.000000] ACPI: FACP 0x000000003FFF00F0 0000F4 (v04 VBOX   VBOXFACP 00000001 ASL  00000061)
[    0.000000] ACPI: DSDT 0x000000003FFF0470 001BF1 (v01 VBOX   VBOXBIOS 00000002 INTL 20140214)
[    0.000000] ACPI: FACS 0x000000003FFF0200 000040
[    0.000000] ACPI: FACS 0x000000003FFF0200 000040
[    0.000000] ACPI: APIC 0x000000003FFF0240 00005C (v02 VBOX   VBOXAPIC 00000001 ASL  00000061)
[    0.000000] ACPI: SSDT 0x000000003FFF02A0 0001CC (v01 VBOX   VBOXCPUT 00000002 INTL 20140214)
[    0.000000] No NUMA configuration found
[    0.000000] Faking a node at [mem 0x0000000000000000-0x000000003ffeffff]
[    0.000000] NODE_DATA(0) allocated [mem 0x3ffeb000-0x3ffeffff]
[    0.000000] Zone ranges:
[    0.000000]   DMA      [mem 0x0000000000001000-0x0000000000ffffff]
[    0.000000]   DMA32    [mem 0x0000000001000000-0x000000003ffeffff]
[    0.000000]   Normal   empty
[    0.000000]   Device   empty
[    0.000000] Movable zone start for each node
[    0.000000] Early memory node ranges
[    0.000000]   node   0: [mem 0x0000000000001000-0x000000000009efff]
[    0.000000]   node   0: [mem 0x0000000000100000-0x000000003ffeffff]
[    0.000000] Initmem setup node 0 [mem 0x0000000000001000-0x000000003ffeffff]
[    0.000000] ACPI: PM-Timer IO Port: 0x4008
[    0.000000] IOAPIC[0]: apic_id 2, version 17, address 0xfec00000, GSI 0-23
[    0.000000] ACPI: INT_SRC_OVR (bus 0 bus_irq 0 global_irq 2 dfl dfl)
[    0.000000] ACPI: INT_SRC_OVR (bus 0 bus_irq 9 global_irq 9 high level)
[    0.000000] Using ACPI (MADT) for SMP configuration information
[    0.000000] smpboot: Allowing 2 CPUs, 0 hotplug CPUs
[    0.000000] PM: Registered nosave memory: [mem 0x00000000-0x00000fff]
[    0.000000] PM: Registered nosave memory: [mem 0x0009f000-0x0009ffff]
[    0.000000] PM: Registered nosave memory: [mem 0x000a0000-0x000effff]
[    0.000000] PM: Registered nosave memory: [mem 0x000f0000-0x000fffff]
[    0.000000] e820: [mem 0x40000000-0xfffbffff] available for PCI devices
[    00000] ooting paravirtualized kernel on bare hardware
[    0.000000] clocksource: refined-jiffies: mask: 0xffffffff max_cycles: 0xffffffff, max_idle_ns: 7645519600211568 ns
[    0.000000] setup_percpu: NR_CPUS:512 nr_cpumask_bits:512 nr_cpu_ids:2 nr_node_ids:1
[    0.000000] PERCPU: Embedded 34 pages/cpu @ffff88003fc00000 s98328 r8192 d32744 u1048576
[    0.000000] Built 1 zonelists in Node order, mobility grouping on.  Total pages: 257913
[    0.000000] Policy zone: DMA32
[    0.000000] Kernel command line: BOOT_IMAGE=/boot/vmlinuz-4.4.0-97-generic root=LABEL=cloudimg-rootfs ro console=tty1 console=ttyS0
[    0.000000] PID hash table entries: 4096 (order: 3, 32768 bytes)
[    0.000000] Memory: 1001808K/1048120K available (8480K kernel code, 1294K rwdata, 3984K rodata, 1492K init, 1316K bss, 46312K reserved, 0K cma-reserved)
[    0.000000] SLUB: HWalign=64, Order=0-3, MinObjects=0, CPUs=2, Nodes=1
[    0.000000] Hierarchical RCU implementation.
[    0.000000] 	Build-time adjustment of leaf fanout to 64.
[    0.000000] 	RCU restricting CPUs from NR_CPUS=512 to nr_cpu_ids=2.
[    0.000000] RCU: Adjusting geometry for rcu_fanout_leaf=64, nr_cpu_ids=2
[    0.000000] NR_IRQS:33024 nr_irqs:440 16
[    0.000000] Console: colour VGA+ 80x25
[    0.000000] console [tty1] enabled
[    0.000000] console [ttyS0] enabled
[    0.000000] tsc: Fast TSC calibration using PIT
[    0.000000] tsc: Detected 2588.946 MHz processor
[    0.008022] Calibrating delay loop (skipped), value calculated using timer frequency.. 5177.89 BogoMIPS (lpj=10355784)
[    0.016011] pid_max: default: 32768 minimum: 301
[    0.020022] ACPI: Core revision 20150930
[    0.021625] ACPI: 2 ACPI AML tables successfully acquired and loaded
[    0.025021] Security Framework initialized
[    0.025862] Yama: becoming mindful.
[    0.028028] AppArmor: AppArmor initialized
[    0.032089] Dentry cache hash table entries: 131072 (order: 8, 1048576 bytes)
[    0.033510] Inode-cache hash table entries: 65536 (order: 7, 524288 bytes)
[    0.036050] Mount-cache hash table entries: 2048 (order: 2, 16384 bytes)
[    0.040014] Mountpoint-cache hash table entries: 2048 (order: 2, 16384 bytes)
[    0.041437] Initializing cgroup subsys io
[    0.044014] Initializing cgroup subsys memory
[    0.044898] Initializing cgroup subsys devices
[    0.045789] Initializing cgroup subsys freezer
[    0.046679] Initializing cgroup subsys net_cls
[    0.048013] Initializing cgroup subsys perf_event
[    0.048997] Initializing cgroup subsys net_prio
[    0.049938] Initializing cgroup subsys hugetlb
[    0.050829] Initializing cgroup subsys pids
[    0.052096] CPU: Physical Processor ID: 0
[    0.052921] CPU: Processor Core ID: 0
[    0.053693] mce: CPU supports 0 MCE banks
[    0.054534] Last level iTLB entries: 4KB 1024, 2MB 1024, 4MB 1024
[    0.056011] Last level dTLB entries: 4KB 1024, 2MB 1024, 4MB 1024, 1GB 4
[    0.060242] Freeing SMP alternatives memory: 32K
[    0.072231] ftrace: allocating 32148 entries in 126 pages
[    0.084095] smpboot: APIC(0) Converting physical 0 to logical package 0
[    0.088012] smpboot: Max logical packages: 1
[    0.090133] ..TIMER: vector=0x30 apic1=0 pin1=2 apic2=-1 pin2=-1
[    0.136000] smpboot: CPU0: Intel(R) Core(TM) i7-4510U CPU @ 2.00GHz (family: 0x6, model: 0x45, stepping: 0x1)
[    0.137626] Performance Events: unsupported p6 CPU model 69 no PMU driver, software events only.
[    0.140936] NMI watchdog: disabled (cpu0): hardware events not enabled
[    0.144007] NMI watchdog: Shutting down hard lockup detector on all cpus
[    0.145323] x86: Booting SMP configuration:
[    0.146170] .... node  #0, CPUs:      #1
[    0.012000] mce: CPU supports 0 MCE banks
[    0.152038] x86: Booted up 1 node, 2 CPUs
[    0.153069] smpboot: Total of 2 processors activated (10355.78 BogoMIPS)
[    0.154553] devtmpfs: initialized
[    0.161207] evm: security.selinux
[    0.164007] evm: security.SMACK64
[    0.164736] evm: security.SMACK64EXEC
[    0.165510] evm: security.SMACK64TRANSMUTE
[    0.168007] evm: security.SMACK64MMAP
[    0.168783] evm: security.ima
[    0.169461] evm: security.capability
[    0.170283] clocksource: jiffies: mask: 0xffffffff max_cycles: 0xffffffff, max_idle_ns: 7645041785100000 ns
[    0.172019] futex hash table entries: 512 (order: 3, 32768 bytes)
[    0.173229] pinctrl core: initialized pinctrl subsystem
[    0.176138] RTC time:  4:07:12, date: 10/18/17
[    0.180590] NET: Registered protocol family 16
[    0.196022] cpuidle: using governor ladder
[    0.208019] cpuidle: using governor menu
[    0.209903] PCCT header not found.
[    0.210702] ACPI: bus type PCI registered
[    0.211530] acpiphp: ACPI Hot Plug PCI Controller Driver version: 0.5
[    0.212130] PCI: Using configuration type 1 for base access
[    0.228254] ACPI: Added _OSI(Module Device)
[    0.230240] ACPI: Added _OSI(Processor Device)
[    0.232010] ACPI: Added _OSI(3.0 _SCP Extensions)
[    0.233003] ACPI: Added _OSI(Processor Aggregator Device)
[    0.234608] ACPI: Executed 1 blocks of module-level executable AML code
[    0.237978] ACPI: Interpreter enabled
[    0.238827] ACPI: (supports S0 S5)
[    0.239391] ACPI: Using IOAPIC for interrupt routing
[    0.240159] PCI: Using host bridge windows from ACPI; if necessary, use "pci=nocrs" and report a bug
[    0.244865] ACPI: PCI Root Bridge [PCI0] (domain 0000 [bus 00-ff])
[    0.246090] acpi PNP0A03:00: _OSC: OS supports [ASPM ClockPM Segments MSI]
[    0.247422] acpi PNP0A03:00: _OSC failed (AE_NOT_FOUND); disabling ASPM
[    0.248014] acpi PNP0A03:00: fail to add MMCONFIG information, can't access extended PCI configuration space under this bridge.
[    0.250474] PCI host bridge to bus 0000:00
[    0.256010] pci_bus 0000:00: root bus resource [io  0x0000-0x0cf7 window]
[    0.257323] pci_bus 0000:00: root bus resource [io  0x0d00-0xffff window]
[    0.258376] pci_bus 0000:00: root bus resource [mem 0x000a0000-0x000bffff window]
[    0.261624] pci_bus 0000:00: root bus resource [mem 0x40000000-0xffdfffff window]
[    0.262790] pci_bus 0000:00: root bus resource [bus 00-ff]
[    0.424171] pci 0000:00:01.1: legacy IDE quirk: reg 0x10: [io  0x01f0-0x01f7]
[    0.632012] pci 0000:00:01.1: legacy IDE quirk: reg 0x14: [io  0x03f6]
[    0.728019] pci 0000:00:01.1: legacy IDE quirk: reg 0x18: [io  0x0170-0x0177]
[    0.752015] pci 0000:00:01.1: legacy IDE quirk: reg 0x1c: [io  0x0376]
[    0.797802] ACPI: PCI Interrupt Link [LNKA] (IRQs 5 9 10 11) *0, disabled.
[    0.964494] ACPI: PCI Interrupt Link [LNKB] (IRQs 5 9 10 *11)
[    1.109550] ACPI: PCI Interrupt Link [LNKC] (IRQs 5 9 *10 11)
[    1.248488] ACPI: PCI Interrupt Link [LNKD] (IRQs 5 *9 10 11)
[    1.392569] ACPI: Enabled 2 GPEs in block 00 to 07
[    1.516111] vgaarb: setting as boot device: PCI:0000:00:02.0
[    1.520000] vgaarb: device added: PCI:0000:00:02.0,decodes=io+mem,owns=io+mem,locks=none
[    1.784016] vgaarb: loaded
[    1.808013] vgaarb: bridge control possible 0000:00:02.0
[    1.812389] SCSI subsystem initialized
[    1.813293] ACPI: bus type USB registered
[    1.832042] usbcore: registered new interface driver usbfs
[    1.832959] usbcore: registered new interface driver hub
[    1.833882] usbcore: registered new device driver usb
[    1.840158] PCI: Using ACPI for IRQ routing
[    1.841889] NetLabel: Initializing
[    1.844010] NetLabel:  domain hash size = 128
[    1.844787] NetLabel:  protocols = UNLABELED CIPSOv4
[    1.860020] NetLabel:  unlabeled traffic allowed by default
[    1.876804] amd_nb: Cannot enumerate AMD northbridges
[    1.936059] clocksource: Switched to clocksource refined-jiffies
[    1.944379] AppArmor: AppArmor Filesystem Enabled
[    2.076088] pnp: PnP ACPI init
[    2.168594] pnp: PnP ACPI: found 4 devices
[    2.301496] clocksource: acpi_pm: mask: 0xffffff max_cycles: 0xffffff, max_idle_ns: 2085701024 ns
[    2.304243] clocksource: Switched to clocksource acpi_pm
[    2.305514] NET: Registered protocol family 2
[    2.306628] TCP established hash table entries: 8192 (order: 4, 65536 bytes)
[    2.471856] TCP bind hash table entries: 8192 (order: 5, 131072 bytes)
[    2.663172] TCP: Hash tables configured (established 8192 bind 8192)
[    2.844656] UDP hash table entries: 512 (order: 2, 16384 bytes)
[    2.873065] UDP-Lite hash table entries: 512 (order: 2, 16384 bytes)
[    2.875303] NET: Registered protocol family 1
[    2.893987] pci 0000:00:00.0: Limiting direct PCI/PCI transfers
[    2.894966] pci 0000:00:01.0: Activating ISA DMA hang workarounds
[    2.897739] Unpacking initramfs...
[    4.545920] Freeing initrd memory: 10792K
[    4.552247] RAPL PMU detected, API unit is 2^-32 Joules, 4 fixed counters 10737418240 ms ovfl timer
[    4.555022] hw unit of domain pp0-core 2^-0 Joules
[    4.557061] hw unit of domain package 2^-0 Joules
[    4.558940] hw unit of domain dram 2^-0 Joules
[    4.559731] hw unit of domain pp1-gpu 2^-0 Joules
[    4.560766] platform rtc_cmos: registered platform RTC device (no PNP device found)
[    4.562450] Scanning for low memory corruption every 60 seconds
[    4.563939] audit: initializing netlink subsys (disabled)
[    4.564917] audit: type=2000 audit(1508299634.563:1): initialized
[    4.566187] Initialise system trusted keyring
[    4.567281] HugeTLB registered 2 MB page size, pre-allocated 0 pages
[    4.569443] zbud: loaded
[    4.570399] VFS: Disk quotas dquot_6.6.0
[    4.571175] VFS: Dquot-cache hash table entries: 512 (order 0, 4096 bytes)
[    4.572542] squashfs: version 4.0 (2009/01/31) Phillip Lougher
[    4.573860] fuse init (API version 7.23)
[    4.575035] Key type big_key registered
[    4.575773] Allocating IMA MOK and blacklist keyrings.
[    4.579776] Key type asymmetric registered
[    4.580590] Asymmetric key parser 'x509' registered
[    4.581711] Block layer SCSI generic (bsg) driver version 0.4 loaded (major 249)
[    4.583171] io scheduler noop registered
[    4.583914] io scheduler deadline registered (default)
[    4.584925] io scheduler cfq registered
[    4.585739] pci_hotplug: PCI Hot Plug PCI Core version: 0.5
[    4.586660] pciehp: PCI Express Hot Plug Controller Driver version: 0.4
[    4.588001] ACPI: AC Adapter [AC] (on-line)
[    4.588876] input: Power Button as /devices/LNXSYSTM:00/LNXPWRBN:00/input/input0
[    4.590203] ACPI: Power Button [PWRF]
[    4.590962] input: Sleep Button as /devices/LNXSYSTM:00/LNXSLPBN:00/input/input1
[    4.592390] ACPI: Sleep Button [SLPF]
[    4.593844] ACPI: Battery Slot [BAT0] (battery present)
[    4.594760] GHES: HEST is not enabled!
[    4.595648] Serial: 8250/16550 driver, 32 ports, IRQ sharing enabled
[    4.618371] 00:03: ttyS0 at I/O 0x3f8 (irq = 4, base_baud = 115200) is a 16550A
[    4.824657] Linux agpgart interface v0.103
[    4.948877] loop: module loaded
[    5.014251] scsi host0: ata_piix
[    5.021749] scsi host1: ata_piix
[    5.022565] ata1: PATA max UDMA/33 cmd 0x1f0 ctl 0x3f6 bmdma 0xd000 irq 14
[    5.023882] ata2: PATA max UDMA/33 cmd 0x170 ctl 0x376 bmdma 0xd008 irq 15
[    5.025343] libphy: Fixed MDIO Bus: probed
[   .07372 tunUneral T/T dvicedrer1.

[    .5190]ts Rined TSC clocksource calibration: 2588.762 MHz
[    5.560194] clocksource: tsc: mask: 0xffffffffffffffff max_cycles: 0x2550c429c32, max_idle_ns: 440795280613 ns
[    6.863724] tun: (C) 1999-2004 Max Krasnyansky <maxk@qualcomm.com>
[    6.975545] clocksource: Switched to clocksource tsc
[    6.975621] PPP generic driver version 2.4.2
[    6.975690] ehci_hcd: USB 2.0 'Enhanced' Host Controller (EHCI) Driver
[    6.975701] ehci-pci: EHCI PCI platform driver
[    6.975718] ehci-platform: EHCI generic platform driver
[    6.975728] ohci_hcd: USB 1.1 'Open' Host Controller (OHCI) Driver
[    6.975733] ohci-pci: OHCI PCI platform driver
[    6.975745] ohci-platform: OHCI generic platform driver
[    6.975756] uhci_hcd: USB Universal Host Controller Interface driver
[    6.975815] i8042: PNP: PS/2 Controller [PNP0303:PS2K,PNP0f03:PS2M] at 0x60,0x64 irq 1,12
[    6.976634] serio: i8042 KBD port at 0x60,0x64 irq 1
[    6.976642] serio: i8042 AUX port at 0x60,0x64 irq 12
[    6.976762] mousedev: PS/2 mouse device common for all mice
[    6.977139] input: AT Translated Set 2 keyboard as /devices/platform/i8042/serio0/input/input2
[    6.977616] rtc_cmos rtc_cmos: rtc core: registered rtc_cmos as rtc0
[    6.977678] rtc_cmos rtc_cmos: alarms up to one day, 114 bytes nvram
[    6.977686] i2c /dev entries driver
[    6.977739] device-mapper: uevent: version 1.0.3
[    6.977795] device-mapper: ioctl: 4.34.0-ioctl (2015-10-28) initialised: dm-devel@redhat.com
[    6.977810] ledtrig-cpu: registered to indicate activity on CPUs
[    6.980378] NET: Registered protocol family 10
[    6.980558] NET: Registered protocol family 17
[    6.980568] Key type dns_resolver registered
[    6.980744] microcode: CPU0 sig=0x40651, pf=0x2, revision=0x19
[    6.981759] microcode: CPU1 sig=0x40651, pf=0x2, revision=0x19
[    6.981810] microcode: Microcode Update Driver: v2.01 <tigran@aivazian.fsnet.co.uk>, Peter Oruba
[    6.982012] registered taskstats version 1
[    6.982034] Loading compiled-in X.509 certificates
[    6.982781] Loaded X.509 cert 'Build time autogenerated kernel key: d1010f9627fd9242df4b03365d2931dfd1ad3d42'
[    6.982804] zswap: loaded using pool lzo/zbud
[    6.989760] Key type trusted registered
[    6.992657] Key type encrypted registered
[    6.992663] AppArmor: AppArmor sha1 policy hashing enabled
[    6.992669] ima: No TPM chip found, activating TPM-bypass!
[    6.992689] evm: HMAC attrs: 0x1
[    6.993092]   Magic number: 5:862:110
[    6.993115] alarmtimer alarmtimer: hash matches
[    6.993739] rtc_cmos rtc_cmos: setting system clock to 2017-10-18 04:07:19 UTC (1508299639)
[    6.993862] BIOS EDD facility v0.16 2004-Jun-25, 0 devices found
[    6.993864] EDD information not available.
[    7.026098] Freeing unused kernel memory: 1492K
[    7.105993] Write protecting the kernel read-only data: 14336k
[    7.108770] Freeing unused kernel memory: 1748K
[    7.162110] Freeing unused kernel memory: 112K
Loading, please wait...
starting version[    7.176959] random: systemd-udevd: uninitialized urandom read (16 bytes read, 2 bits of entropy available)
 229
[    7.177804] random: udevadm: uninitialized urandom read (16 bytes read, 2 bits of entropy available)
[    7.177856] random: udevadm: uninitialized urandom read (16 bytes read, 2 bits of entropy available)
[    7.178012] random: udevadm: uninitialized urandom read (16 bytes read, 2 bits of entropy available)
[    7.178072] random: udevadm: uninitialized urandom read (16 bytes read, 2 bits of entropy available)
[    7.178129] random: udevadm: uninitialized urandom read (16 bytes read, 2 bits of entropy available)
[    7.178186] random: udevadm: uninitialized urandom read (16 bytes read, 2 bits of entropy available)
[    7.178255] random: udevadm: uninitialized urandom read (16 bytes read, 2 bits of entropy available)
[    7.178309] random: udevadm: uninitialized urandom read (16 bytes read, 2 bits of entropy available)
[    7.178362] random: udevadm: uninitialized urandom read (16 bytes read, 2 bits of entropy available)
[    7.226289] e1000: Intel(R) PRO/1000 Network Driver - version 7.3.21-k8-NAPI
[    7.367471] e1000: Copyright (c) 1999-2006 Intel Corporation.
[    7.472098] Fusion MPT base driver 3.04.20
[    7.514096] Copyright (c) 1999-2008 LSI Corporation
[    7.566230] Fusion MPT SPI Host driver 3.04.20
[    7.763384] input: ImExPS/2 Generic Explorer Mouse as /devices/platform/i8042/serio1/input/input4
[    7.915617] e1000 0000:00:03.0 eth0: (PCI:33MHz:32-bit) 02:14:68:3e:84:47
[    7.922107] e1000 0000:00:03.0 eth0: Intel(R) PRO/1000 Network Connection
[    7.924243] mptbase: ioc0: Initiating bringup
[    8.001628] ioc0: LSI53C1030 A0: Capabilities={Initiator}
[    8.653478] scsi host2: ioc0: LSI53C1030 A0, FwRev=00000000h, Ports=1, MaxQ=256, IRQ=20
[    8.942193] scsi 2:0:0:0: Direct-Access     VBOX     HARDDISK         1.0  PQ: 0 ANSI: 5
[    9.009325] scsi target2:0:0: Beginning Domain Validation
[    9.011421] scsi target2:0:0: Domain Validation skipping write tests
[    9.016116] scsi target2:0:0: Ending Domain Validation
[    9.027935] scsi target2:0:0: asynchronous
[    9.052182] scsi 2:0:1:0: Direct-Access     VBOX     HARDDISK         1.0  PQ: 0 ANSI: 5
[    9.060345] scsi target2:0:1: Beginning Domain Validation
[    9.062844] scsi target2:0:1: Domain Validation skipping write tests
[    9.066483] scsi target2:0:1: Ending Domain Validation
[    9.067710] scsi target2:0:1: asynchronous
[    9.081171] sd 2:0:0:0: Attached scsi generic sg0 type 0
[    9.094730] sd 2:0:0:0: [sda] 20971520 512-byte logical blocks: (10.7 GB/10.0 GiB)
[    9.096667] sd 2:0:0:0: [sda] Write Protect is off
[    9.098881] sd 2:0:0:0: [sda] Incomplete mode parameter data
[    9.100287] sd 2:0:0:0: [sda] Assuming drive cache: write through
[    9.141499] sd 2:0:1:0: Attached scsi generic sg1 type 0
[    9.178246] sd 2:0:1:0: [sdb] 20480 512-byte logical blocks: (10.5 MB/10.0 MiB)
[    9.188102] sd 2:0:1:0: [sdb] Write Protect is off
[    9.210095]  sda: sda1
[    9.211423] sd 2:0:0:0: [sda] Attached SCSI disk
[    9.215784] sd 2:0:1:0: [sdb] Incomplete mode parameter data
[    9.291444] sd 2:0:1:0: [sdb] Assuming drive cache: write through
[    9.316328] e1000 0000:00:08.0 eth1: (PCI:33MHz:32-bit) 08:00:27:da:8a:c4
[    9.339789] e1000 0000:00:08.0 eth1: Intel(R) PRO/1000 Network Connection
[    9.348314] e1000 0000:00:03.0 enp0s3: renamed from eth0
[    9.360400] e1000 0000:00:08.0 enp0s8: renamed from eth1
[    9.418409] sd 2:0:1:0: [sdb] Attached SCSI disk
[   10.368314] floppy0: no floppy controllers found
Begin: Loading e[   11.878377] md: linear personality registered for level -1
ssential drivers ... [   12.046171] md: multipath personality registered for level -4
[   12.050121] md: raid0 personality registered for level 0
[   12.054895] md: raid1 personality registered for level 1
[   12.131480] raid6: sse2x1   gen()  9860 MB/s
[   12.323043] raid6: sse2x1   xor()  7780 MB/s
[   12.495579] raid6: sse2x2   gen() 12204 MB/s
[   12.695470] raid6: sse2x2   xor()  9687 MB/s
[   12.895520] raid6: sse2x4   gen() 16532 MB/s
[   13.095568] raid6: sse2x4   xor() 11579 MB/s
[   13.217653] raid6: using algorithm sse2x4 gen() 16532 MB/s
[   13.363882] raid6: .... xor() 11579 MB/s, rmw enabled
[   13.476674] raid6: using ssse3x2 recovery algorithm
[   13.483128] xor: measuring software checksum speed
[   13.552038]    prefetch64-sse: 19416.000 MB/sec
[   13.596034]    generic_sse: 17671.000 MB/sec
[   13.688240] xor: using function: prefetch64-sse (19416.000 MB/sec)
[   13.845492] async_tx: api initialized (async)
[   13.864918] md: raid6 personality registered for level 6
[   13.871512] md: raid5 personality registered for level 5
[   13.877803] md: raid4 personality registered for level 4
[   13.884527] md: raid10 personality registered for level 10
done.
Begin: Running /scripts/init-premount ... done.
Begin: Mounting root file system ... Begin: Running /scripts/local-top ... done.
Begin: Running /scripts/local-premount ... [   14.051671] Btrfs loaded
Scanning for Btrfs filesystems
done.
Warning: fsck not present, so skipping root file system
[   14.169662] EXT4-fs (sda1): mounted filesystem with ordered data mode. Opts: (null)
done.
Begin: Running /scripts/local-bottom ... done.
Begin: Running /scripts/init-bottom ... done.
[   15.087780] random: nonblocking pool is initialized
[   15.423382] systemd[1]: systemd 229 running in system mode. (+PAM +AUDIT +SELINUX +IMA +APPARMOR +SMACK +SYSVINIT +UTMP +LIBCRYPTSETUP +GCRYPT +GNUTLS +ACL +XZ -LZ4 +SECCOMP +BLKID +ELFUTILS +KMOD -IDN)
[   15.596161] systemd[1]: Detected virtualization oracle.
[   15.602326] systemd[1]: Detected architecture x86-64.

Welcome to [1mUbuntu 16.04.3 LTS[0m!

[   15.670940] systemd[1]: Set hostname to <ubuntu-xenial>.
[   17.035515] systemd[1]: Started Forward Password Requests to Wall Directory Watch.
[[0;32m  OK  [0m] Started Forward Password Requests to Wall Directory Watch.
[   17.044955] systemd[1]: Created slice System Slice.
[[0;32m  OK  [0m] Created slice System Slice.
[   17.047815] systemd[1]: Listening on LVM2 metadata daemon socket.
[[0;32m  OK  [0m] Listening on LVM2 metadata daemon socket.
[   17.050110] systemd[1]: Started Trigger resolvconf update for networkd DNS.
[[0;32m  OK  [0m] Started Trigger resolvconf update for networkd DNS.
[   17.068968] systemd[1]: Listening on udev Control Socket.
[[0;32m  OK  [0m] Listening on udev Control Socket.
[   17.071730] systemd[1]: Set up automount Arbitrary Executable File Formats File System Automount Point.
[[0;32m  OK  [0m] Set up automount Arbitrary Executab...ats File System Automount Point.
[   17.074974] systemd[1]: Listening on /dev/initctl Compatibility Named Pipe.
[[0;32m  OK  [0m] Listening on /dev/initctl Compatibility Named Pipe.
[   17.078479] systemd[1]: Reached target Encrypted Volumes.
[[0;32m  OK  [0m] Reached target Encrypted Volumes.
[   17.080650] systemd[1]: Reached target Swap.
[[0;32m  OK  [0m] Reached target Swap.
[   17.082628] systemd[1]: Created slice system-serial\x2dgetty.slice.
[[0;32m  OK  [0m] Created slice system-serial\x2dgetty.slice.
[   17.086294] systemd[1]: Listening on Journal Socket (/dev/log).
[[0;32m  OK  [0m] Listening on Journal Socket (/dev/log).
[   17.088735] systemd[1]: Listening on Journal Audit Socket.
[[0;32m  OK  [0m] Listening on Journal Audit Socket.
[   17.090750] systemd[1]: Listening on LVM2 poll daemon socket.
[[0;32m  OK  [0m] Listening on LVM2 poll daemon socket.
[   17.094270] systemd[1]: Listening on Syslog Socket.
[[0;32m  OK  [0m] Listening on Syslog Socket.
[   17.115578] systemd[1]: Listening on Journal Socket.
[[0;32m  OK  [0m] Listening on Journal Socket.
[   17.132163] systemd[1]: Mounting Huge Pages File System...
         Mounting Huge Pages File System...
[   17.146511] systemd[1]: Starting Create list of required static device nodes for the current kernel...
         Starting Create list of required st... nodes for the current kernel...
[   17.379458] systemd[1]: Starting Remount Root and Kernel File Systems...
[   17.386011] EXT4-fs (sda1): re-mounted. Opts: (null)
         Starting Remount Root and Kernel File Systems...
[   17.724360] systemd[1]: Starting Uncomplicated firewall...
         Starting Uncomplicated firewall...
[   17.744238] systemd[1]: Mounting Debug File System...
         Mounting Debug File System...
[   17.900299] systemd[1]: Starting Nameserver information manager...
         Starting Nameserver information manager...
[   18.092283] systemd[1]: Mounting POSIX Message Queue File System...
         Mounting POSIX Message Queue File System...
[   18.275043] systemd[1]: Starting Journal Service...
         Starting Journal Service...
[   18.372380] systemd[1]: Starting Set console keymap...
         Starting Set console keymap...
[   18.485481] systemd[1]: Reached target User and Group Name Lookups.
[[0;32m  OK  [0m] Reached target User and Group Name Lookups.
[   18.632421] systemd[1]: Listening on udev Kernel Socket.
[[0;32m  OK  [0m] Listening on udev Kernel Socket.
[   18.736725] systemd[1]: Created slice User and Session Slice.
[[0;32m  OK  [0m] Created slice User and Session Slice.
[   18.819286] systemd[1]: Reached target Slices.
[[0;32m  OK  [0m] Reached target Slices.
[   18.888469] systemd[1]: Starting Load Kernel Modules...
         Starting Load Kernel Modules...
[   19.068416] systemd[1]: Listening on Device-mapper event daemon FIFOs.
[[0;32m  OK  [0m] Listening on Device-mapper event daemon FIFOs.
[   19.096579] systemd[1]: Starting Monitoring of LVM2 mirrors, snapshots etc. using dmeventd or progress polling...
         [   19.137706] Loading iSCSI transport class v2.0-870.
Starting Monitoring of LVM2 mirrors... dmeventd or progress polling...
[   19.141198] systemd[1]: Mounted Debug File System.
[[0;32m  OK  [0m] Mounted Debug File System.
[   19.240068] systemd[1]: Mounted Huge Pages File System.
[[0;32m  OK  [0m] Mounted Huge Pages File System.
[   19.268336] systemd[1]: Mounted POSIX Message Queue File System.
[   19.290002] iscsi: registered transport (tcp)
[[0;32m  OK  [0m] Mounted POSIX Message Queue File System.
[   19.296779] systemd[1]: Started Journal Service.
[[0;32m  OK  [0m] Started Journal Service.
[[0;32m  OK  [0m] Started Create list of required sta...ce nodes for the current kernel.
[[0;32m  OK  [0m] Started Remount Root and Kernel File Systems.
[[0;32m  OK  [0m] Started Uncomplicated firewall.
[[0;32m  OK  [0m] Started Set console keymap.
[[0;32m  OK  [0m] Started Nameserver information manager.
[   19.422094] iscsi: registered transport (iser)
[[0;32m  OK  [0m] Started LVM2 metadata daemon.
         Starting Load/Save Random Seed...
         Starting udev Coldplug all Devices...
         Starting Initial cloud-init job (pre-networking)...
         Starting Create Static Device Nodes in /dev...
         Starting Flush Journal to Persistent Storage...
[[0;32m  OK  [0m] Started Load Kernel Modules.
         Starting Apply Kernel Variables...
         Mounting FUSE Control File System...
[[0;32m  OK  [0m] Mounted FUSE Control File System.
[[0;32m  OK  [0m] Started Load/Save Random Seed.
[   19.672186] systemd-journald[379]: Received request to flush runtime journal from PID 1
[[0;32m  OK  [0m] Started Apply Kernel Variables.
[[0;32m  OK  [0m] Started Flush Journal to Persistent Storage.
[[0;32m  OK  [0m] Started udev Coldplug all Devices.
[[0;32m  OK  [0m] Started Create Static Device Nodes in /dev.
         Starting udev Kernel Device Manager...
[[0;32m  OK  [0m] Started Monitoring of LVM2 mirrors,...ng dmeventd or progress polling.
[[0;32m  OK  [0m] Started udev Kernel Device Manager.
[[0;32m  OK  [0m] Started Dispatch Password Requests to Console Directory Watch.
[[0;32m  OK  [0m] Reached target Local File Systems (Pre).
[[0;32m  OK  [0m] Reached target Local File Systems.
         Starting LSB: AppArmor initialization...
         Starting Set console font and keymap...
         Starting Create Volatile Files and Directories...
         Starting Tell Plymouth To Write Out Runtime Data...
[[0;32m  OK  [0m] Started Tell Plymouth To Write Out Runtime Data.
[[0;32m  OK  [0m] Found device /dev/ttyS0.
[[0;32m  OK  [0m] Found device 82540EM Gigabit Ethern...r (PRO/1000 MT Desktop Adapter).
[[0;32m  OK  [0m] Found device 82540EM Gigabit Ethern...r (PRO/1000 MT Desktop Adapter).
[[0;32m  OK  [0m] Started Set console font and keymap.
[[0;32m  OK  [0m] Started Create Volatile Files and Directories.
[[0;32m  OK  [0m] Reached target System Time Synchronized.
         Starting Update UTMP about System Boot/Shutdown...
[[0;32m  OK  [0m] Created slice system-getty.slice.
[[0;32m  OK  [0m] Listening on Load/Save RF Kill Switch Status /dev/rfkill Watch.
[[0;32m  OK  [0m] Started Update UTMP about System Boot/Shutdown.
[[0;32m  OK  [0m] Started LSB: AppArmor initialization.
[   25.285997] cloud-init[422]: Cloud-init v. 0.7.9 running 'init-local' at Wed, 18 Oct 2017 04:07:37 +0000. Up 24.68 seconds.
[[0;32m  OK  [0m] Started Initial cloud-init job (pre-networking).
[[0;32m  OK  [0m] Reached target Network (Pre).
[[0;32m  OK  [0m] Started ifup for enp0s8.
         Starting Raise network interfaces...
[[0;32m  OK  [0m] Started ifup for enp0s3.
[[0;32m  OK  [0m] Started Raise network interfaces.
         Starting Initial cloud-init job (metadata service crawler)...
[[0;32m  OK  [0m] Reached target Network.
[   26.781682] cloud-init[1034]: Cloud-init v. 0.7.9 running 'init' at Wed, 18 Oct 2017 04:07:38 +0000. Up 25.98 seconds.
[   26.827892] [[0;32m  OK  [0m] Started Initial cloud-init job (metadata service crawler).
[[0;32m  OK  [0m] Reached target Network is Online.
cloud-init[1034]: ci-info: ++++++++++++++++++++++++++++++++++++++Net device info++++++++++++++++++++++++++++++++++++++
[   26.831156] cloud-init[1034]: ci-info: +--------+------+-----------------------------+---------------+-------+-------------------+
[   26.833740] cloud-init[1034]: ci-info: | Device |  Up  |           Address           |      Mask     | Scope |     Hw-Address    |
[   26.844394]          cloud-initStarting iSCSI initiator daemon (iscsid)...[1034]: 
ci-info: +--------+------+-----------------------------+---------------+-------+-------------------+
[   26.867046] [cloud-init[0;32m  OK  [0m[1034]: ] ci-info: | enp0s3 | True |          10.0.2.15          | 255.255.255.0 |   .   | 02:14:68:3e:84:47 |Reached target Cloud-config availability.

[   26.867502] [cloud-init[0;32m  OK  [0m[1034]: ] ci-info: | enp0s3 | True |  fe80::14:68ff:fe3e:8447/64 |       .       |  link | 02:14:68:3e:84:47 |Reached target System Initialization.

[   26.875850] cloud-init[1034]: ci-info: | enp0s8 | True |        192.168.33.10        | 255.255.255.0 |   .   | 08:00:27:da:8a:c4 |
[[0;32m  OK  [0m] Listening on D-Bus System Message Bus Socket.
[   26.876353] cloud-init[1034]: ci-info: | enp0s8 | True | fe80::a00:27ff:feda:8ac4/64 |       .       |  link | 08:00:27:da:8a:c4 |
[   26.897876] cloud-init[1034]: ci-info: |   lo   | True |          127.0.0.1          |   255.0.0.0   |   .   |         .         |
[   26.901559] cloud-init[1034]: ci-info: |   lo   | True |           ::1/128           |       .       |  host |         .         |
[   26.905647] cloud-init[1034]: ci-info: +--------+------+-----------------------------+---------------+-------+-------------------+
[   26.909538] cloud-init[1034]: ci-info: ++++++++++++++++++++++++++++Route IPv4 info++++++++++++++++++++++++++++
[   26.912607]          cloud-initStarting LXD - unix socket.[1034]: 
ci-info: +-------+--------------+----------+---------------+-----------+-------+
[   26.915469] cloud-init[1034]: ci-info: | Route | Destination  | Gateway  |    Genmask    | Interface | Flags |
[   26.918322] cloud-init[1034]: ci-info: +-------+--------------+----------+---------------+-----------+-------+
[   26.921526] cloud-init[1034]: ci-info: |   0   |   0.0.0.0    | 10.0.2.2 |    0.0.0.0    |   enp0s3  |   UG  |
[   26.980433] cloud-init[1034]: ci-info: |   1   |   10.0.2.0   | 0.0.0.0  | 255.255.255.0 |   enp0s3  |   U   |
[   26.980832] cloud-init[1034]: ci-info: |   2   | 192.168.33.0 | 0.0.0.0  | 255.255.255.0 |   enp0s8  |   U   |
[[0;32m  OK  [0m] Started Timer to automatically fetch and run repair assertions.
[   26.980984] cloud-init[1034]: ci-info: +-------+--------------+----------+---------------+-----------+-------+
[[0;32m  OK  [0m] Listening on UUID daemon activation socket.
         Starting Socket activation for snappy daemon.
[[0;32m  OK  [0m] Started ACPI Events Check.
[[0;32m  OK  [0m] Reached target Paths.
[[0;32m  OK  [0m] Started Daily apt download activities.
[[0;32m  OK  [0m] Listening on ACPID Listen Socket.
[[0;32m  OK  [0m] Started Daily apt upgrade and clean activities.
[[0;32m  OK  [0m] Started Timer to automatically refresh installed snaps.
[[0;32m  OK  [0m] Started Daily Cleanup of Temporary Directories.
[[0;32m  OK  [0m] Reached target Timers.
[[0;32m  OK  [0m] Listening on LXD - unix socket.
[[0;32m  OK  [0m] Listening on Socket activation for snappy daemon.
[[0;32m  OK  [0m] Reached target Sockets.
[[0;32m  OK  [0m] Reached target Basic System.
[[0;32m  OK  [0m] Started FUSE filesystem for LXC.
[[0;32m  OK  [0m] Started Regular background program processing daemon.
         Starting LSB: Record successful boot for GRUB...
[[0;32m  OK  [0m] Started Deferred execution scheduler.
         Starting LXD - container startup/shutdown...
[[0;32m  OK  [0m] Started Unattended Upgrades Shutdown.
         Starting /etc/rc.local Compatibility...
         Starting MySQL Community Server...
         Starting Apply the settings specified in cloud-config...
         Starting Accounts Service...
         Starting System Logging Service...
         Starting Login Service...
[[0;32m  OK  [0m] Started ACPI event daemon.
         Starting Snappy daemon...
         Starting LSB: MD monitoring daemon...
         Starting OpenBSD Secure Shell server...
[[0;32m  OK  [0m] Started D-Bus System Message Bus.
[   28.249412] cloud-init[1113]: Cloud-init v. 0.7.9 running 'modules:config' at Wed, 18 Oct 2017 04:07:40 +0000. Up 27.74 seconds.
[[0;32m  OK  [0m] Started System Logging Service.
[[0;32m  OK  [0m] Started iSCSI initiator daemon (iscsid).
[[0;32m  OK  [0m] Started /etc/rc.local Compatibility.
[[0;32m  OK  [0m] Started Apply the settings specified in cloud-config.
         Starting Login to default iSCSI targets...
[[0;32m  OK  [0m] Started Login Service.
[[0;32m  OK  [0m] Started OpenBSD Secure Shell server.
[[0;32m  OK  [0m] Started LSB: Record successful boot for GRUB.
         Starting Authenticate and Authorize Users to Run Privileged Tasks...
[[0;32m  OK  [0m] Started LSB: MD monitoring daemon.
[[0;32m  OK  [0m] Started Login to default iSCSI targets.
[[0;32m  OK  [0m] Reached target Remote File Systems (Pre).
[[0;32m  OK  [0m] Reached target Remote File Systems.
         Starting LSB: Set the CPU Frequency Scaling governor to "ondemand"...
         Starting Permit User Sessions...
         Starting LSB: VirtualBox Linux Additions...
         Starting LSB: automatic crash report generation...
         Starting LSB: Apache2 web server...
         Starting LSB: daemon to balance interrupts for SMP systems...
[[0;32m  OK  [0m] Started LSB: Set the CPU Frequency Scaling governor to "ondemand".
[[0;32m  OK  [0m] Started Permit User Sessions.
         Starting Terminate Plymouth Boot Screen...
         Starting Hold until boot process finishes up...
[[0;32m  OK  [0m] Started Hold until boot process finishes up.
[[0;32m  OK  [0m] Started Terminate Plymouth Boot Screen.
[[0;32m  OK  [0m] Started Serial Getty on ttyS0.
[[0;32m  OK  [0m] Started Getty on tty1.
[[0;32m  OK  [0m] Reached target Login Prompts.
         Starting Set console scheme...
[[0;32m  OK  [0m] Started LSB: daemon to balance interrupts for SMP systems.
[[0;32m  OK  [0m] Started LSB: automatic crash report generation.
[[0;32m  OK  [0m] Started Set console scheme.
[[0;32m  OK  [0m] Started Authenticate and Authorize Users to Run Privileged Tasks.
[[0;32m  OK  [0m] Started Accounts Service.
[[0;32m  OK  [0m] Started LSB: VirtualBox Linux Additions.
[[0;32m  OK  [0m] Started LXD - container startup/shutdown.
[[0;32m  OK  [0m] Started Snappy daemon.
         Starting Auto import assertions from block devices...
[[0;32m  OK  [0m] Started Auto import assertions from block devices.
[[0;32m  OK  [0m] Created slice User Slice of ubuntu.
[[0;32m  OK  [0m] Started Session 1 of user ubuntu.
         Starting User Manager for UID 1000...
[[0;32m  OK  [0m] Started User Manager for UID 1000.

Ubuntu 16.04.3 LTS ubuntu-xenial ttyS0

ubuntu-xenial login: [   38.023758] cloud-init[1664]: Cloud-init v. 0.7.9 running 'modules:final' at Wed, 18 Oct 2017 04:07:50 +0000. Up 37.85 seconds.
[   38.024139] cloud-init[1664]: Cloud-init v. 0.7.9 finished at Wed, 18 Oct 2017 04:07:50 +0000. Datasource DataSourceNoCloud [seed=/dev/sdb][dsmode=net].  Up 38.01 seconds
